<?xml version="1.0" encoding="UTF-8"?>
<!-- Generated by org.testng.reporters.JUnitReportReporter -->
<testsuite name="com.rummycircle.wsclient.WebSocketClientExample" tests="1" time="6.861" ignored="0" failures="0" timestamp="23 Dec 2016 05:17:37 GMT" skipped="0" hostname="Varun" errors="0">
  <testcase name="testPositive" time="6.861" classname="com.rummycircle.wsclient.WebSocketClientExample"/>
</testsuite> <!-- com.rummycircle.wsclient.WebSocketClientExample -->
