<?xml version="1.0" encoding="UTF-8"?>
<!-- Generated by org.testng.reporters.JUnitReportReporter -->
<testsuite name="com.rummycircle.com.tests.FMGTest" tests="1" time="0.380" ignored="0" failures="0" timestamp="01 Jan 2017 17:41:48 GMT" skipped="0" hostname="Varun" errors="0">
  <testcase name="fmgTest" time="0.380" classname="com.rummycircle.com.tests.FMGTest"/>
</testsuite> <!-- com.rummycircle.com.tests.FMGTest -->
